app/build/outputs/logs/manifest-merger-debug-report.txt
-- Merging decision tree log ---
manifest
ADDED from src\main\AndroidManifest.xml:2:1-927:12
	xmlns:android
		ADDED from src\main\AndroidManifest.xml:2:11-69
	package
		ADDED from src\main\AndroidManifest.xml:3:5-46
		INJECTED from src\main\AndroidManifest.xml
		INJECTED from src\main\AndroidManifest.xml
	android:versionName
		ADDED from src\main\AndroidManifest.xml:5:5-30
		INJECTED from src\main\AndroidManifest.xml
		INJECTED from src\main\AndroidManifest.xml
	android:versionCode
		ADDED from src\main\AndroidManifest.xml:4:5-28
		INJECTED from src\main\AndroidManifest.xml
		INJECTED from src\main\AndroidManifest.xml
uses-sdk
ADDED from src\main\AndroidManifest.xml:7:5-9:41
	android:targetSdkVersion
		ADDED from src\main\AndroidManifest.xml:9:9-38
		INJECTED from src\main\AndroidManifest.xml
		INJECTED from src\main\AndroidManifest.xml
	android:minSdkVersion
		ADDED from src\main\AndroidManifest.xml:8:9-34
		INJECTED from src\main\AndroidManifest.xml
		INJECTED from src\main\AndroidManifest.xml
uses-permission#android.permission.RECEIVE_SMS
ADDED from src\main\AndroidManifest.xml:11:5-70
	android:name
		ADDED from src\main\AndroidManifest.xml:11:22-67
uses-permission#android.permission.SEND_SMS
ADDED from src\main\AndroidManifest.xml:12:5-67
	android:name
		ADDED from src\main\AndroidManifest.xml:12:22-64
uses-permission#android.permission.READ_SMS
ADDED from src\main\AndroidManifest.xml:13:5-67
	android:name
		ADDED from src\main\AndroidManifest.xml:13:22-64
uses-permission#android.permission.WRITE_SMS
ADDED from src\main\AndroidManifest.xml:14:5-67
	android:name
		ADDED from src\main\AndroidManifest.xml:14:22-65
uses-permission#android.permission.VIBRATE
ADDED from src\main\AndroidManifest.xml:15:5-66
	android:name
		ADDED from src\main\AndroidManifest.xml:15:22-63
uses-permission#android.permission.RECEIVE_BOOT_COMPLETED
ADDED from src\main\AndroidManifest.xml:16:5-81
	android:name
		ADDED from src\main\AndroidManifest.xml:16:22-78
application
ADDED from src\main\AndroidManifest.xml:18:5-925:19
	android:label
		ADDED from src\main\AndroidManifest.xml:21:9-41
	android:allowBackup
		ADDED from src\main\AndroidManifest.xml:19:9-35
	android:icon
		ADDED from src\main\AndroidManifest.xml:20:9-41
	android:theme
		ADDED from src\main\AndroidManifest.xml:23:9-40
	android:logo
		ADDED from src\main\AndroidManifest.xml:22:9-41
activity#com.example.ligas14estadisticas.Premierfechaj9Activity
ADDED from src\main\AndroidManifest.xml:24:9-32:20
	android:label
		ADDED from src\main\AndroidManifest.xml:26:13-45
	android:name
		ADDED from src\main\AndroidManifest.xml:25:13-82
intent-filter#android.intent.action.MAIN+android.intent.category.LAUNCHER
ADDED from src\main\AndroidManifest.xml:27:13-31:29
action#android.intent.action.MAIN
ADDED from src\main\AndroidManifest.xml:28:17-69
	android:name
		ADDED from src\main\AndroidManifest.xml:28:25-66
category#android.intent.category.LAUNCHER
ADDED from src\main\AndroidManifest.xml:30:17-77
	android:name
		ADDED from src\main\AndroidManifest.xml:30:27-74
activity#com.example.ligas14estadisticas.NoticiasIntActivity
ADDED from src\main\AndroidManifest.xml:32:20-33:20
	android:name
		ADDED from src\main\AndroidManifest.xml:32:30-96
activity#com.example.ligas14estadisticas.SugerenciasActivity
ADDED from src\main\AndroidManifest.xml:34:9-35:20
	android:name
		ADDED from src\main\AndroidManifest.xml:34:19-85
activity#com.example.ligas14estadisticas.DetCalcioActivity
ADDED from src\main\AndroidManifest.xml:36:9-37:20
	android:name
		ADDED from src\main\AndroidManifest.xml:36:19-83
activity#com.example.ligas14estadisticas.DetPremierActivity
ADDED from src\main\AndroidManifest.xml:38:9-39:20
	android:name
		ADDED from src\main\AndroidManifest.xml:38:19-84
activity#com.example.ligas14estadisticas.DetBBVAActivity
ADDED from src\main\AndroidManifest.xml:40:9-41:20
	android:name
		ADDED from src\main\AndroidManifest.xml:40:19-81
activity#com.example.ligas14estadisticas.PremierRankingActivity
ADDED from src\main\AndroidManifest.xml:42:9-43:20
	android:name
		ADDED from src\main\AndroidManifest.xml:42:19-88
activity#com.example.ligas14estadisticas.DetbActivity
ADDED from src\main\AndroidManifest.xml:44:9-45:20
	android:name
		ADDED from src\main\AndroidManifest.xml:44:19-78
activity#com.example.ligas14estadisticas.SpainActivity
ADDED from src\main\AndroidManifest.xml:46:9-47:20
	android:name
		ADDED from src\main\AndroidManifest.xml:46:19-79
activity#com.example.ligas14estadisticas.AlemaniaActivity
ADDED from src\main\AndroidManifest.xml:48:9-49:20
	android:name
		ADDED from src\main\AndroidManifest.xml:48:19-82
activity#com.example.ligas14estadisticaslandActivity
ADDED from src\main\AndroidManifest.xml:50:9-51:20
	android:name
		ADDED from src\main\AndroidManifest.xml:50:19-77
activity#com.example.ligas14estadisticasliaActivity
ADDED from src\main\AndroidManifest.xml:52:9-53:20
	android:name
		ADDED from src\main\AndroidManifest.xml:52:19-76
activity#com.example.ligas14estadisticas.BBVAJornadasActivity
ADDED from src\main\AndroidManifest.xml:54:9-55:20
	android:name
		ADDED from src\main\AndroidManifest.xml:54:19-86
activity#com.example.ligas14estadisticas.PremierJornadasActivity
ADDED from src\main\AndroidManifest.xml:56:9-57:20
	android:name
		ADDED from src\main\AndroidManifest.xml:56:19-89
activity#com.example.ligas14estadisticas.CalcioJornadasActivity
ADDED from src\main\AndroidManifest.xml:58:9-59:20
	android:name
		ADDED from src\main\AndroidManifest.xml:58:19-88
activity#com.example.ligas14estadisticasesJornadasActivity
ADDED from src\main\AndroidManifest.xml:60:9-61:20
	android:name
		ADDED from src\main\AndroidManifest.xml:60:19-83
activity#com.example.ligas14estadisticas.NoticiasActivity
ADDED from src\main\AndroidManifest.xml:62:9-63:20
	android:name
		ADDED from src\main\AndroidManifest.xml:62:19-82
activity#com.example.ligas14estadisticas.NoticiasEspActivity
ADDED from src\main\AndroidManifest.xml:64:9-65:20
	android:name
		ADDED from src\main\AndroidManifest.xml:64:19-85
activity#com.example.ligas14estadisticas.NoticiasItaActivity
ADDED from src\main\AndroidManifest.xml:66:9-67:20
	android:name
		ADDED from src\main\AndroidManifest.xml:66:19-85
activity#com.example.ligas14estadisticas.NoticiasAleActivity
ADDED from src\main\AndroidManifest.xml:68:9-69:20
	android:name
		ADDED from src\main\AndroidManifest.xml:68:19-85
activity#com.example.ligas14estadisticas.Noticee1Activity
ADDED from src\main\AndroidManifest.xml:70:9-71:20
	android:name
		ADDED from src\main\AndroidManifest.xml:70:19-82
activity#com.example.ligas14estadisticas.Noticee2Activity
ADDED from src\main\AndroidManifest.xml:72:9-73:20
	android:name
		ADDED from src\main\AndroidManifest.xml:72:19-82
activity#com.example.ligas14estadisticas.Noticee3Activity
ADDED from src\main\AndroidManifest.xml:74:9-75:20
	android:name
		ADDED from src\main\AndroidManifest.xml:74:19-82
activity#com.example.ligas14estadisticas.Noticee4Activity
ADDED from src\main\AndroidManifest.xml:76:9-77:20
	android:name
		ADDED from src\main\AndroidManifest.xml:76:19-82
activity#com.example.ligas14estadisticas.Noticee5Activity
ADDED from src\main\AndroidManifest.xml:78:9-79:20
	android:name
		ADDED from src\main\AndroidManifest.xml:78:19-82
activity#com.example.ligas14estadisticas.Noticee6Activity
ADDED from src\main\AndroidManifest.xml:80:9-81:20
	android:name
		ADDED from src\main\AndroidManifest.xml:80:19-82
activity#com.example.ligas14estadisticas.Noticee7Activity
ADDED from src\main\AndroidManifest.xml:82:9-83:20
	android:name
		ADDED from src\main\AndroidManifest.xml:82:19-82
activity#com.example.ligas14estadisticas.Noticee8Activity
ADDED from src\main\AndroidManifest.xml:84:9-85:20
	android:name
		ADDED from src\main\AndroidManifest.xml:84:19-82
activity#com.example.ligas14estadisticas.Noticee9Activity
ADDED from src\main\AndroidManifest.xml:86:9-87:20
	android:name
		ADDED from src\main\AndroidManifest.xml:86:19-82
activity#com.example.ligas14estadisticas.Noticee10Activity
ADDED from src\main\AndroidManifest.xml:88:9-89:20
	android:name
		ADDED from src\main\AndroidManifest.xml:88:19-83
activity#com.example.ligas14estadisticas.Notices1Activity
ADDED from src\main\AndroidManifest.xml:90:9-91:20
	android:name
		ADDED from src\main\AndroidManifest.xml:90:19-82
activity#com.example.ligas14estadisticas.Notices2Activity
ADDED from src\main\AndroidManifest.xml:92:9-93:20
	android:name
		ADDED from src\main\AndroidManifest.xml:92:19-82
activity#com.example.ligas14estadisticas.Notices3Activity
ADDED from src\main\AndroidManifest.xml:94:9-95:20
	android:name
		ADDED from src\main\AndroidManifest.xml:94:19-82
activity#com.example.ligas14estadisticas.Notices4Activity
ADDED from src\main\AndroidManifest.xml:96:9-97:20
	android:name
		ADDED from src\main\AndroidManifest.xml:96:19-82
activity#com.example.ligas14estadisticas.Notices5Activity
ADDED from src\main\AndroidManifest.xml:98:9-99:20
	android:name
		ADDED from src\main\AndroidManifest.xml:98:19-82
activity#com.example.ligas14estadisticas.Notices6Activity
ADDED from src\main\AndroidManifest.xml:100:9-101:20
	android:name
		ADDED from src\main\AndroidManifest.xml:100:19-82
activity#com.example.ligas14estadisticas.Notices7Activity
ADDED from src\main\AndroidManifest.xml:102:9-103:20
	android:name
		ADDED from src\main\AndroidManifest.xml:102:19-82
activity#com.example.ligas14estadisticas.Notices8Activity
ADDED from src\main\AndroidManifest.xml:104:9-105:20
	android:name
		ADDED from src\main\AndroidManifest.xml:104:19-82
activity#com.example.ligas14estadisticas.Notices9Activity
ADDED from src\main\AndroidManifest.xml:106:9-107:20
	android:name
		ADDED from src\main\AndroidManifest.xml:106:19-82
activity#com.example.ligas14estadisticas.Notices10Activity
ADDED from src\main\AndroidManifest.xml:108:9-109:20
	android:name
		ADDED from src\main\AndroidManifest.xml:108:19-83
activity#com.example.ligas14estadisticas.Noticei1Activity
ADDED from src\main\AndroidManifest.xml:110:9-111:20
	android:name
		ADDED from src\main\AndroidManifest.xml:110:19-82
activity#com.example.ligas14estadisticas.Noticei2Activity
ADDED from src\main\AndroidManifest.xml:112:9-113:20
	android:name
		ADDED from src\main\AndroidManifest.xml:112:19-82
activity#com.example.ligas14estadisticas.Noticei3Activity
ADDED from src\main\AndroidManifest.xml:114:9-115:20
	android:name
		ADDED from src\main\AndroidManifest.xml:114:19-82
activity#com.example.ligas14estadisticas.Noticei4Activity
ADDED from src\main\AndroidManifest.xml:116:9-117:20
	android:name
		ADDED from src\main\AndroidManifest.xml:116:19-82
activity#com.example.ligas14estadisticas.Noticei5Activity
ADDED from src\main\AndroidManifest.xml:118:9-119:20
	android:name
		ADDED from src\main\AndroidManifest.xml:118:19-82
activity#com.example.ligas14estadisticas.Noticei6Activity
ADDED from src\main\AndroidManifest.xml:120:9-121:20
	android:name
		ADDED from src\main\AndroidManifest.xml:120:19-82
activity#com.example.ligas14estadisticas.Noticei7Activity
ADDED from src\main\AndroidManifest.xml:122:9-123:20
	android:name
		ADDED from src\main\AndroidManifest.xml:122:19-82
activity#com.example.ligas14estadisticas.Noticei8Activity
ADDED from src\main\AndroidManifest.xml:124:9-125:20
	android:name
		ADDED from src\main\AndroidManifest.xml:124:19-82
activity#com.example.ligas14estadisticas.Noticei9Activity
ADDED from src\main\AndroidManifest.xml:126:9-127:20
	android:name
		ADDED from src\main\AndroidManifest.xml:126:19-82
activity#com.example.ligas14estadisticas.Noticei10Activity
ADDED from src\main\AndroidManifest.xml:128:9-129:20
	android:name
		ADDED from src\main\AndroidManifest.xml:128:19-83
activity#com.example.ligas14estadisticas.Noticea1Activity
ADDED from src\main\AndroidManifest.xml:130:9-131:20
	android:name
		ADDED from src\main\AndroidManifest.xml:130:19-82
activity#com.example.ligas14estadisticas.Noticea2Activity
ADDED from src\main\AndroidManifest.xml:132:9-133:20
	android:name
		ADDED from src\main\AndroidManifest.xml:132:19-82
activity#com.example.ligas14estadisticas.Noticea3Activity
ADDED from src\main\AndroidManifest.xml:134:9-135:20
	android:name
		ADDED from src\main\AndroidManifest.xml:134:19-82
activity#com.example.ligas14estadisticas.Noticea4Activity
ADDED from src\main\AndroidManifest.xml:136:9-137:20
	android:name
		ADDED from src\main\AndroidManifest.xml:136:19-82
activity#com.example.ligas14estadisticas.Noticea5Activity
ADDED from src\main\AndroidManifest.xml:138:9-139:20
	android:name
		ADDED from src\main\AndroidManifest.xml:138:19-82
activity#com.example.ligas14estadisticas.Noticea6Activity
ADDED from src\main\AndroidManifest.xml:140:9-141:20
	android:name
		ADDED from src\main\AndroidManifest.xml:140:19-82
activity#com.example.ligas14estadisticas.Noticea7Activity
ADDED from src\main\AndroidManifest.xml:142:9-143:20
	android:name
		ADDED from src\main\AndroidManifest.xml:142:19-82
activity#com.example.ligas14estadisticas.Noticea8Activity
ADDED from src\main\AndroidManifest.xml:144:9-145:20
	android:name
		ADDED from src\main\AndroidManifest.xml:144:19-82
activity#com.example.ligas14estadisticas.Noticea9Activity
ADDED from src\main\AndroidManifest.xml:146:9-147:20
	android:name
		ADDED from src\main\AndroidManifest.xml:146:19-82
activity#com.example.ligas14estadisticas.Noticea10Activity
ADDED from src\main\AndroidManifest.xml:148:9-149:20
	android:name
		ADDED from src\main\AndroidManifest.xml:148:19-83
activity#com.example.ligas14estadisticas.NoticeInt1Activity
ADDED from src\main\AndroidManifest.xml:150:9-151:20
	android:name
		ADDED from src\main\AndroidManifest.xml:150:19-84
activity#com.example.ligas14estadisticas.NoticeInt2Activity
ADDED from src\main\AndroidManifest.xml:152:9-153:20
	android:name
		ADDED from src\main\AndroidManifest.xml:152:19-84
activity#com.example.ligas14estadisticas.NoticeInt3Activity
ADDED from src\main\AndroidManifest.xml:154:9-155:20
	android:name
		ADDED from src\main\AndroidManifest.xml:154:19-84
activity#com.example.ligas14estadisticas.NoticeInt4Activity
ADDED from src\main\AndroidManifest.xml:156:9-157:20
	android:name
		ADDED from src\main\AndroidManifest.xml:156:19-84
activity#com.example.ligas14estadisticas.NoticeInt5Activity
ADDED from src\main\AndroidManifest.xml:158:9-159:20
	android:name
		ADDED from src\main\AndroidManifest.xml:158:19-84
activity#com.example.ligas14estadisticas.NoticeInt6Activity
ADDED from src\main\AndroidManifest.xml:160:9-161:20
	android:name
		ADDED from src\main\AndroidManifest.xml:160:19-84
activity#com.example.ligas14estadisticas.NoticeInt7Activity
ADDED from src\main\AndroidManifest.xml:162:9-163:20
	android:name
		ADDED from src\main\AndroidManifest.xml:162:19-84
activity#com.example.ligas14estadisticas.NoticeInt8Activity
ADDED from src\main\AndroidManifest.xml:164:9-165:20
	android:name
		ADDED from src\main\AndroidManifest.xml:164:19-84
activity#com.example.ligas14estadisticas.NoticeInt9Activity
ADDED from src\main\AndroidManifest.xml:166:9-167:20
	android:name
		ADDED from src\main\AndroidManifest.xml:166:19-84
activity#com.example.ligas14estadisticas.NoticeInt10Activity
ADDED from src\main\AndroidManifest.xml:168:9-169:20
	android:name
		ADDED from src\main\AndroidManifest.xml:168:19-85
activity#com.example.ligas14estadisticas.RegistActivity
ADDED from src\main\AndroidManifest.xml:170:9-171:20
	android:name
		ADDED from src\main\AndroidManifest.xml:170:19-80
activity#com.example.ligas14estadisticas.BBVArankingActivity
ADDED from src\main\AndroidManifest.xml:172:9-173:20
	android:name
		ADDED from src\main\AndroidManifest.xml:172:19-85
activity#com.example.ligas14estadisticasesRankingActivity
ADDED from src\main\AndroidManifest.xml:174:9-175:20
	android:name
		ADDED from src\main\AndroidManifest.xml:174:19-82
activity#com.example.ligas14estadisticas.CalcioRankingActivity
ADDED from src\main\AndroidManifest.xml:176:9-177:20
	android:name
		ADDED from src\main\AndroidManifest.xml:176:19-87
activity#com.example.ligas14estadisticas.BBVAHistoriaActivity
ADDED from src\main\AndroidManifest.xml:178:9-179:20
	android:name
		ADDED from src\main\AndroidManifest.xml:178:19-86
activity#com.example.ligas14estadisticas.BBVAHistoriaTablaActivity
ADDED from src\main\AndroidManifest.xml:180:9-181:20
	android:name
		ADDED from src\main\AndroidManifest.xml:180:19-91
activity#com.example.ligas14estadisticasesHistoriaActivity
ADDED from src\main\AndroidManifest.xml:182:9-183:20
	android:name
		ADDED from src\main\AndroidManifest.xml:182:19-83
activity#com.example.ligas14estadisticasesHistoriaTablaActivity
ADDED from src\main\AndroidManifest.xml:184:9-185:20
	android:name
		ADDED from src\main\AndroidManifest.xml:184:19-88
activity#com.example.ligas14estadisticas.PremierHistoriaActivity
ADDED from src\main\AndroidManifest.xml:186:9-187:20
	android:name
		ADDED from src\main\AndroidManifest.xml:186:19-89
activity#com.example.ligas14estadisticas.CalcioHistoriaActivity
ADDED from src\main\AndroidManifest.xml:188:9-189:20
	android:name
		ADDED from src\main\AndroidManifest.xml:188:19-88
activity#com.example.ligas14estadisticas.BBVAEstadisticActivity
ADDED from src\main\AndroidManifest.xml:190:9-191:20
	android:name
		ADDED from src\main\AndroidManifest.xml:190:19-88
activity#com.example.ligas14estadisticasesEstadisticActivity
ADDED from src\main\AndroidManifest.xml:192:9-193:20
	android:name
		ADDED from src\main\AndroidManifest.xml:192:19-85
activity#com.example.ligas14estadisticas.PremierEstadisticActivity
ADDED from src\main\AndroidManifest.xml:194:9-195:20
	android:name
		ADDED from src\main\AndroidManifest.xml:194:19-91
activity#com.example.ligas14estadisticas.CalcioEstadisticActivity
ADDED from src\main\AndroidManifest.xml:196:9-197:20
	android:name
		ADDED from src\main\AndroidManifest.xml:196:19-90
activity#com.example.ligas14estadisticas.AyudaActivity
ADDED from src\main\AndroidManifest.xml:198:9-199:20
	android:name
		ADDED from src\main\AndroidManifest.xml:198:19-79
activity#com.example.ligas14estadisticas.Ayuda2Activity
ADDED from src\main\AndroidManifest.xml:200:9-201:20
	android:name
		ADDED from src\main\AndroidManifest.xml:200:19-80
activity#com.example.ligas14estadisticas.PacksActivity
ADDED from src\main\AndroidManifest.xml:202:9-203:20
	android:name
		ADDED from src\main\AndroidManifest.xml:202:19-79
activity#com.example.ligas14estadisticas.Bundfecha1Activity
ADDED from src\main\AndroidManifest.xml:204:9-205:20
	android:name
		ADDED from src\main\AndroidManifest.xml:204:19-84
activity#com.example.ligas14estadisticas.Bundfecha2Activity
ADDED from src\main\AndroidManifest.xml:206:9-207:20
	android:name
		ADDED from src\main\AndroidManifest.xml:206:19-84
activity#com.example.ligas14estadisticas.Bundfecha3Activity
ADDED from src\main\AndroidManifest.xml:208:9-209:20
	android:name
		ADDED from src\main\AndroidManifest.xml:208:19-84
activity#com.example.ligas14estadisticas.Bundfecha4Activity
ADDED from src\main\AndroidManifest.xml:210:9-211:20
	android:name
		ADDED from src\main\AndroidManifest.xml:210:19-84
activity#com.example.ligas14estadisticas.Bundfecha5Activity
ADDED from src\main\AndroidManifest.xml:212:9-213:20
	android:name
		ADDED from src\main\AndroidManifest.xml:212:19-84
activity#com.example.ligas14estadisticas.Bundfecha6Activity
ADDED from src\main\AndroidManifest.xml:214:9-215:20
	android:name
		ADDED from src\main\AndroidManifest.xml:214:19-84
activity#com.example.ligas14estadisticas.Bundfecha7Activity
ADDED from src\main\AndroidManifest.xml:216:9-217:20
	android:name
		ADDED from src\main\AndroidManifest.xml:216:19-84
activity#com.example.ligas14estadisticas.Bundfecha8Activity
ADDED from src\main\AndroidManifest.xml:218:9-219:20
	android:name
		ADDED from src\main\AndroidManifest.xml:218:19-84
activity#com.example.ligas14estadisticas.Bundfecha9Activity
ADDED from src\main\AndroidManifest.xml:220:9-221:20
	android:name
		ADDED from src\main\AndroidManifest.xml:220:19-84
activity#com.example.ligas14estadisticas.Bundfecha10Activity
ADDED from src\main\AndroidManifest.xml:222:9-223:20
	android:name
		ADDED from src\main\AndroidManifest.xml:222:19-85
activity#com.example.ligas14estadisticas.Bundfecha11Activity
ADDED from src\main\AndroidManifest.xml:224:9-225:20
	android:name
		ADDED from src\main\AndroidManifest.xml:224:19-85
activity#com.example.ligas14estadisticas.Bundfecha12Activity
ADDED from src\main\AndroidManifest.xml:226:9-227:20
	android:name
		ADDED from src\main\AndroidManifest.xml:226:19-85
activity#com.example.ligas14estadisticas.Bundfecha13Activity
ADDED from src\main\AndroidManifest.xml:228:9-229:20
	android:name
		ADDED from src\main\AndroidManifest.xml:228:19-85
activity#com.example.ligas14estadisticas.Bundfecha14Activity
ADDED from src\main\AndroidManifest.xml:230:9-231:20
	android:name
		ADDED from src\main\AndroidManifest.xml:230:19-85
activity#com.example.ligas14estadisticas.Bundfecha15Activity
ADDED from src\main\AndroidManifest.xml:232:9-233:20
	android:name
		ADDED from src\main\AndroidManifest.xml:232:19-85
activity#com.example.ligas14estadisticas.Bundfecha16Activity
ADDED from src\main\AndroidManifest.xml:234:9-235:20
	android:name
		ADDED from src\main\AndroidManifest.xml:234:19-85
activity#com.example.ligas14estadisticas.Bundfecha17Activity
ADDED from src\main\AndroidManifest.xml:236:9-237:20
	android:name
		ADDED from src\main\AndroidManifest.xml:236:19-85
activity#com.example.ligas14estadisticas.Bundfecha18Activity
ADDED from src\main\AndroidManifest.xml:238:9-239:20
	android:name
		ADDED from src\main\AndroidManifest.xml:238:19-85
activity#com.example.ligas14estadisticas.Bundfecha19Activity
ADDED from src\main\AndroidManifest.xml:240:9-241:20
	android:name
		ADDED from src\main\AndroidManifest.xml:240:19-85
activity#com.example.ligas14estadisticas.Bundfecha20Activity
ADDED from src\main\AndroidManifest.xml:242:9-243:20
	android:name
		ADDED from src\main\AndroidManifest.xml:242:19-85
activity#com.example.ligas14estadisticas.Bundfecha21Activity
ADDED from src\main\AndroidManifest.xml:244:9-245:20
	android:name
		ADDED from src\main\AndroidManifest.xml:244:19-85
activity#com.example.ligas14estadisticas.Bundfecha22Activity
ADDED from src\main\AndroidManifest.xml:246:9-247:20
	android:name
		ADDED from src\main\AndroidManifest.xml:246:19-85
activity#com.example.ligas14estadisticas.Bundfecha23Activity
ADDED from src\main\AndroidManifest.xml:248:9-249:20
	android:name
		ADDED from src\main\AndroidManifest.xml:248:19-85
activity#com.example.ligas14estadisticas.Bundfecha24Activity
ADDED from src\main\AndroidManifest.xml:250:9-251:20
	android:name
		ADDED from src\main\AndroidManifest.xml:250:19-85
activity#com.example.ligas14estadisticas.Bundfecha25Activity
ADDED from src\main\AndroidManifest.xml:252:9-253:20
	android:name
		ADDED from src\main\AndroidManifest.xml:252:19-85
activity#com.example.ligas14estadisticas.Bundfecha26Activity
ADDED from src\main\AndroidManifest.xml:254:9-255:20
	android:name
		ADDED from src\main\AndroidManifest.xml:254:19-85
activity#com.example.ligas14estadisticas.Bundfecha27Activity
ADDED from src\main\AndroidManifest.xml:256:9-257:20
	android:name
		ADDED from src\main\AndroidManifest.xml:256:19-85
activity#com.example.ligas14estadisticas.Bundfecha28Activity
ADDED from src\main\AndroidManifest.xml:258:9-259:20
	android:name
		ADDED from src\main\AndroidManifest.xml:258:19-85
activity#com.example.ligas14estadisticas.Bundfecha29Activity
ADDED from src\main\AndroidManifest.xml:260:9-261:20
	android:name
		ADDED from src\main\AndroidManifest.xml:260:19-85
activity#com.example.ligas14estadisticas.Bundfecha30Activity
ADDED from src\main\AndroidManifest.xml:262:9-263:20
	android:name
		ADDED from src\main\AndroidManifest.xml:262:19-85
activity#com.example.ligas14estadisticas.Bundfecha31Activity
ADDED from src\main\AndroidManifest.xml:264:9-265:20
	android:name
		ADDED from src\main\AndroidManifest.xml:264:19-85
activity#com.example.ligas14estadisticas.Bundfecha32Activity
ADDED from src\main\AndroidManifest.xml:266:9-267:20
	android:name
		ADDED from src\main\AndroidManifest.xml:266:19-85
activity#com.example.ligas14estadisticas.Bundfecha33Activity
ADDED from src\main\AndroidManifest.xml:268:9-269:20
	android:name
		ADDED from src\main\AndroidManifest.xml:268:19-85
activity#com.example.ligas14estadisticas.Bundfecha34Activity
ADDED from src\main\AndroidManifest.xml:270:9-271:20
	android:name
		ADDED from src\main\AndroidManifest.xml:270:19-85
activity#com.example.ligas14estadisticas.Bundfechad1Activity
ADDED from src\main\AndroidManifest.xml:272:9-273:20
	android:name
		ADDED from src\main\AndroidManifest.xml:272:19-85
activity#com.example.ligas14estadisticas.Bundfechad2Activity
ADDED from src\main\AndroidManifest.xml:274:9-275:20
	android:name
		ADDED from src\main\AndroidManifest.xml:274:19-85
activity#com.example.ligas14estadisticas.Bundfechad3Activity
ADDED from src\main\AndroidManifest.xml:276:9-277:20
	android:name
		ADDED from src\main\AndroidManifest.xml:276:19-85
activity#com.example.ligas14estadisticas.Bundfechad4Activity
ADDED from src\main\AndroidManifest.xml:278:9-279:20
	android:name
		ADDED from src\main\AndroidManifest.xml:278:19-85
activity#com.example.ligas14estadisticas.Bundfechad5Activity
ADDED from src\main\AndroidManifest.xml:280:9-281:20
	android:name
		ADDED from src\main\AndroidManifest.xml:280:19-85
activity#com.example.ligas14estadisticas.Bundfechad6Activity
ADDED from src\main\AndroidManifest.xml:282:9-283:20
	android:name
		ADDED from src\main\AndroidManifest.xml:282:19-85
activity#com.example.ligas14estadisticas.Bundfechad7Activity
ADDED from src\main\AndroidManifest.xml:284:9-285:20
	android:name
		ADDED from src\main\AndroidManifest.xml:284:19-85
activity#com.example.ligas14estadisticas.Bundfechad8Activity
ADDED from src\main\AndroidManifest.xml:286:9-287:20
	android:name
		ADDED from src\main\AndroidManifest.xml:286:19-85
activity#com.example.ligas14estadisticas.Bundfechad9Activity
ADDED from src\main\AndroidManifest.xml:288:9-289:20
	android:name
		ADDED from src\main\AndroidManifest.xml:288:19-85
activity#com.example.ligas14estadisticas.Bundfechad10Activity
ADDED from src\main\AndroidManifest.xml:290:9-291:20
	android:name
		ADDED from src\main\AndroidManifest.xml:290:19-86
activity#com.example.ligas14estadisticas.Bundfechad11Activity
ADDED from src\main\AndroidManifest.xml:292:9-293:20
	android:name
		ADDED from src\main\AndroidManifest.xml:292:19-86
activity#com.example.ligas14estadisticas.Bundfechad12Activity
ADDED from src\main\AndroidManifest.xml:294:9-295:20
	android:name
		ADDED from src\main\AndroidManifest.xml:294:19-86
activity#com.example.ligas14estadisticas.Bundfechad13Activity
ADDED from src\main\AndroidManifest.xml:296:9-297:20
	android:name
		ADDED from src\main\AndroidManifest.xml:296:19-86
activity#com.example.ligas14estadisticas.Bundfechad14Activity
ADDED from src\main\AndroidManifest.xml:298:9-299:20
	android:name
		ADDED from src\main\AndroidManifest.xml:298:19-86
activity#com.example.ligas14estadisticas.Bundfechad15Activity
ADDED from src\main\AndroidManifest.xml:300:9-301:20
	android:name
		ADDED from src\main\AndroidManifest.xml:300:19-86
activity#com.example.ligas14estadisticas.Bundfechad16Activity
ADDED from src\main\AndroidManifest.xml:302:9-303:20
	android:name
		ADDED from src\main\AndroidManifest.xml:302:19-86
activity#com.example.ligas14estadisticas.Bundfechad17Activity
ADDED from src\main\AndroidManifest.xml:304:9-305:20
	android:name
		ADDED from src\main\AndroidManifest.xml:304:19-86
activity#com.example.ligas14estadisticas.Bundfechad18Activity
ADDED from src\main\AndroidManifest.xml:306:9-307:20
	android:name
		ADDED from src\main\AndroidManifest.xml:306:19-86
activity#com.example.ligas14estadisticas.Bundfechad19Activity
ADDED from src\main\AndroidManifest.xml:308:9-309:20
	android:name
		ADDED from src\main\AndroidManifest.xml:308:19-86
activity#com.example.ligas14estadisticas.Bundfechad20Activity
ADDED from src\main\AndroidManifest.xml:310:9-311:20
	android:name
		ADDED from src\main\AndroidManifest.xml:310:19-86
activity#com.example.ligas14estadisticas.Bundfechad21Activity
ADDED from src\main\AndroidManifest.xml:312:9-313:20
	android:name
		ADDED from src\main\AndroidManifest.xml:312:19-86
activity#com.example.ligas14estadisticas.Bundfechad22Activity
ADDED from src\main\AndroidManifest.xml:314:9-315:20
	android:name
		ADDED from src\main\AndroidManifest.xml:314:19-86
activity#com.example.ligas14estadisticas.Bundfechad23Activity
ADDED from src\main\AndroidManifest.xml:316:9-317:20
	android:name
		ADDED from src\main\AndroidManifest.xml:316:19-86
activity#com.example.ligas14estadisticas.Bundfechad24Activity
ADDED from src\main\AndroidManifest.xml:318:9-319:20
	android:name
		ADDED from src\main\AndroidManifest.xml:318:19-86
activity#com.example.ligas14estadisticas.Bundfechad25Activity
ADDED from src\main\AndroidManifest.xml:320:9-321:20
	android:name
		ADDED from src\main\AndroidManifest.xml:320:19-86
activity#com.example.ligas14estadisticas.Bundfechad26Activity
ADDED from src\main\AndroidManifest.xml:322:9-323:20
	android:name
		ADDED from src\main\AndroidManifest.xml:322:19-86
activity#com.example.ligas14estadisticas.Bundfechad27Activity
ADDED from src\main\AndroidManifest.xml:324:9-325:20
	android:name
		ADDED from src\main\AndroidManifest.xml:324:19-86
activity#com.example.ligas14estadisticas.Bundfechad28Activity
ADDED from src\main\AndroidManifest.xml:326:9-327:20
	android:name
		ADDED from src\main\AndroidManifest.xml:326:19-86
activity#com.example.ligas14estadisticas.Bundfechad29Activity
ADDED from src\main\AndroidManifest.xml:328:9-329:20
	android:name
		ADDED from src\main\AndroidManifest.xml:328:19-86
activity#com.example.ligas14estadisticas.Bundfechad30Activity
ADDED from src\main\AndroidManifest.xml:330:9-331:20
	android:name
		ADDED from src\main\AndroidManifest.xml:330:19-86
activity#com.example.ligas14estadisticas.Bundfechad31Activity
ADDED from src\main\AndroidManifest.xml:332:9-333:20
	android:name
		ADDED from src\main\AndroidManifest.xml:332:19-86